Performing C SOURCE FILE Test CMAKE_HAVE_LIBC_PTHREAD failed with the following output:
Change Dir: /home/hyphen/iassd_catkin_ws/build/CMakeFiles/CMakeTmp

Run Build Command(s):/usr/bin/make cmTC_38c6a/fast && /usr/bin/make -f CMakeFiles/cmTC_38c6a.dir/build.make CMakeFiles/cmTC_38c6a.dir/build
make[1]: Entering directory '/home/hyphen/iassd_catkin_ws/build/CMakeFiles/CMakeTmp'
Building C object CMakeFiles/cmTC_38c6a.dir/src.c.o
/usr/bin/cc   -DCMAKE_HAVE_LIBC_PTHREAD   -o CMakeFiles/cmTC_38c6a.dir/src.c.o   -c /home/hyphen/iassd_catkin_ws/build/CMakeFiles/CMakeTmp/src.c
Linking C executable cmTC_38c6a
/home/hyphen/cmake-install/bin/cmake -E cmake_link_script CMakeFiles/cmTC_38c6a.dir/link.txt --verbose=1
/usr/bin/cc  -DCMAKE_HAVE_LIBC_PTHREAD    -rdynamic CMakeFiles/cmTC_38c6a.dir/src.c.o  -o cmTC_38c6a 
CMakeFiles/cmTC_38c6a.dir/src.c.o: In function `main':
src.c:(.text+0x3e): undefined reference to `pthread_create'
src.c:(.text+0x4a): undefined reference to `pthread_detach'
src.c:(.text+0x5b): undefined reference to `pthread_join'
src.c:(.text+0x6f): undefined reference to `pthread_atfork'
collect2: error: ld returned 1 exit status
CMakeFiles/cmTC_38c6a.dir/build.make:86: recipe for target 'cmTC_38c6a' failed
make[1]: *** [cmTC_38c6a] Error 1
make[1]: Leaving directory '/home/hyphen/iassd_catkin_ws/build/CMakeFiles/CMakeTmp'
Makefile:121: recipe for target 'cmTC_38c6a/fast' failed
make: *** [cmTC_38c6a/fast] Error 2


Source file was:
#include <pthread.h>

void* test_func(void* data)
{
  return data;
}

int main(void)
{
  pthread_t thread;
  pthread_create(&thread, NULL, test_func, NULL);
  pthread_detach(thread);
  pthread_join(thread, NULL);
  pthread_atfork(NULL, NULL, NULL);
  pthread_exit(NULL);

  return 0;
}

Determining if the function pthread_create exists in the pthreads failed with the following output:
Change Dir: /home/hyphen/iassd_catkin_ws/build/CMakeFiles/CMakeTmp

Run Build Command(s):/usr/bin/make cmTC_327f8/fast && /usr/bin/make -f CMakeFiles/cmTC_327f8.dir/build.make CMakeFiles/cmTC_327f8.dir/build
make[1]: Entering directory '/home/hyphen/iassd_catkin_ws/build/CMakeFiles/CMakeTmp'
Building C object CMakeFiles/cmTC_327f8.dir/CheckFunctionExists.c.o
/usr/bin/cc   -DCHECK_FUNCTION_EXISTS=pthread_create   -o CMakeFiles/cmTC_327f8.dir/CheckFunctionExists.c.o   -c /home/hyphen/cmake-install/share/cmake-3.15/Modules/CheckFunctionExists.c
Linking C executable cmTC_327f8
/home/hyphen/cmake-install/bin/cmake -E cmake_link_script CMakeFiles/cmTC_327f8.dir/link.txt --verbose=1
/usr/bin/cc  -DCHECK_FUNCTION_EXISTS=pthread_create    -rdynamic CMakeFiles/cmTC_327f8.dir/CheckFunctionExists.c.o  -o cmTC_327f8 -lpthreads 
/usr/bin/ld: cannot find -lpthreads
collect2: error: ld returned 1 exit status
CMakeFiles/cmTC_327f8.dir/build.make:86: recipe for target 'cmTC_327f8' failed
make[1]: *** [cmTC_327f8] Error 1
make[1]: Leaving directory '/home/hyphen/iassd_catkin_ws/build/CMakeFiles/CMakeTmp'
Makefile:121: recipe for target 'cmTC_327f8/fast' failed
make: *** [cmTC_327f8/fast] Error 2



